09:25:17 **** Incremental Build of configuration Nios II for project bt ****
make all 
Info: Building ../bt_bsp/
D:/tool/nios2eds/bin/gnu/H-x86_64-mingw32/bin/make --no-print-directory -C ../bt_bsp/
Makefile not up to date.
../../system.sopcinfo has been modified since the BSP was generated.

Generate the BSP to update the Makefile, and then build again.

To generate from Eclipse:
 1. Right-click the BSP project.
 2. In the Nios II Menu, click Generate BSP.

To generate from the command line:
 nios2-bsp-generate-files --settings=<settings file> --bsp-dir=<target bsp files directory>

make[1]: *** [public.mk] Error 1
make: *** [../bt_bsp/-recurs-make-lib] Error 2
09:25:24 **** Build of configuration Nios II for project bt ****
make all 
Info: Building ../bt_bsp/
D:/tool/nios2eds/bin/gnu/H-x86_64-mingw32/bin/make --no-print-directory -C ../bt_bsp/
Makefile not up to date.
../../system.sopcinfo has been modified since the BSP was generated.

Generate the BSP to update the Makefile, and then build again.

To generate from Eclipse:
 1. Right-click the BSP project.
 2. In the Nios II Menu, click Generate BSP.

To generate from the command line:
 nios2-bsp-generate-files --settings=<settings file> --bsp-dir=<target bsp files directory>

make[1]: *** [public.mk] Error 1
make: *** [../bt_bsp/-recurs-make-lib] Error 2
09:25:26 **** Incremental Build of configuration Nios II for project bt ****
make all 
Info: Building ../bt_bsp/
D:/tool/nios2eds/bin/gnu/H-x86_64-mingw32/bin/make --no-print-directory -C ../bt_bsp/
Makefile not up to date.
../../system.sopcinfo has been modified since the BSP was generated.

Generate the BSP to update the Makefile, and then build again.

To generate from Eclipse:
 1. Right-click the BSP project.
 2. In the Nios II Menu, click Generate BSP.

To generate from the command line:
 nios2-bsp-generate-files --settings=<settings file> --bsp-dir=<target bsp files directory>

make[1]: *** [public.mk] Error 1
make: *** [../bt_bsp/-recurs-make-lib] Error 2
